0 info it worked if it ends with ok
1 verbose cli [ 'C:\\Program Files\\nodejs\\node.exe',
1 verbose cli   'C:\\Program Files\\nodejs\\node_modules\\npm\\bin\\npm-cli.js',
1 verbose cli   'adduser' ]
2 info using npm@3.10.9
3 info using node@v6.9.2
4 verbose stack Error: canceled
4 verbose stack     at Interface.<anonymous> (C:\nvm\v6.9.2\node_modules\npm\node_modules\read\lib\read.js:66:13)
4 verbose stack     at emitNone (events.js:86:13)
4 verbose stack     at Interface.emit (events.js:185:7)
4 verbose stack     at Interface._ttyWrite (readline.js:726:16)
4 verbose stack     at ReadStream.onkeypress (readline.js:126:10)
4 verbose stack     at emitTwo (events.js:106:13)
4 verbose stack     at ReadStream.emit (events.js:191:7)
4 verbose stack     at emitKeys (internal/readline.js:389:14)
4 verbose stack     at next (native)
4 verbose stack     at ReadStream.onData (readline.js:972:36)
5 verbose cwd C:\Users\huangwei\Desktop\NodeJS\03-Node基础-第3天-package-json、HTTP处理静态资源、HTTP实现页面动态化\4-源代码\bj22calc
6 error Windows_NT 10.0.14393
7 error argv "C:\\Program Files\\nodejs\\node.exe" "C:\\Program Files\\nodejs\\node_modules\\npm\\bin\\npm-cli.js" "adduser"
8 error node v6.9.2
9 error npm  v3.10.9
10 error canceled
11 error If you need help, you may report this error at:
11 error     <https://github.com/npm/npm/issues>
12 verbose exit [ 1, true ]
